{"level":"info","message":" Database connection occur ","timestamp":"2025-11-11T11:01:09.446Z"}
{"level":"error","message":"Error insert user ValidationError: password: Path `password` is required., email: Path `email` is required.","timestamp":"2025-11-11T11:01:09.620Z"}
{"level":"info","message":" Database connection occur ","timestamp":"2025-11-11T11:02:05.273Z"}
{"level":"error","message":"Error insert user ValidationError: password: Path `password` is required., email: Path `email` is required.","timestamp":"2025-11-11T11:02:05.377Z"}
{"level":"info","message":" Database connection occur ","timestamp":"2025-11-11T11:06:12.636Z"}
{"level":"info","message":" save data inside database  ","timestamp":"2025-11-11T11:06:12.781Z"}
{"level":"info","message":"Database Connect successfully","timestamp":"2025-11-11T12:16:09.806Z"}
{"level":"info","message":"Database Connect successfully","timestamp":"2025-11-11T12:16:09.835Z"}
{"level":"info","message":"Database Connect successfully","timestamp":"2025-11-11T12:16:17.140Z"}
{"level":"info","message":"Database Connect successfully","timestamp":"2025-11-11T12:16:17.210Z"}
{"level":"info","message":"Database Connect successfully","timestamp":"2025-11-11T12:18:11.038Z"}
{"level":"info","message":"Database Connect successfully","timestamp":"2025-11-11T12:18:17.609Z"}
{"level":"info","message":"Database Connect successfully","timestamp":"2025-11-11T12:18:19.586Z"}
{"level":"info","message":"Database Connect successfully","timestamp":"2025-11-11T12:18:20.608Z"}
{"level":"info","message":"Database Connect successfully","timestamp":"2025-11-11T12:18:21.336Z"}
{"level":"info","message":"Database Connect successfully","timestamp":"2025-11-11T12:18:22.166Z"}
{"level":"info","message":"Database Connect successfully","timestamp":"2025-11-11T12:20:44.970Z"}
{"level":"info","message":"Database Connect successfully","timestamp":"2025-11-11T12:21:09.147Z"}
{"level":"info","message":"Database Connect successfully","timestamp":"2025-11-11T12:22:30.366Z"}
{"level":"info","message":"Database Connect successfully","timestamp":"2025-11-11T12:23:04.243Z"}
{"level":"error","message":"Error insert Category SyntaxError: No number after minus sign in JSON at position 1 (line 1 column 2)","timestamp":"2025-11-11T12:23:04.247Z"}
{"level":"info","message":"Database Connect successfully","timestamp":"2025-11-11T12:23:21.562Z"}
{"level":"error","message":"Error insert Category SyntaxError: No number after minus sign in JSON at position 1 (line 1 column 2)","timestamp":"2025-11-11T12:23:21.567Z"}
{"level":"info","message":"Database Connect successfully","timestamp":"2025-11-11T12:59:21.291Z"}
{"level":"info","message":"Database Connect successfully","timestamp":"2025-11-11T13:00:13.630Z"}
{"level":"error","message":"Error insert Category ValidationError: image: Cast to string failed for value \"{}\" (type Object) at path \"image\"","timestamp":"2025-11-11T13:00:13.637Z"}
{"level":"info","message":"Database Connect successfully","timestamp":"2025-11-11T13:01:05.001Z"}
{"level":"error","message":"Error insert Category ValidationError: image: Cast to string failed for value \"{}\" (type Object) at path \"image\"","timestamp":"2025-11-11T13:01:05.004Z"}
{"level":"info","message":"Database Connect successfully","timestamp":"2025-11-11T13:03:09.743Z"}
{"level":"info","message":"Database Connect successfully","timestamp":"2025-11-11T13:03:32.719Z"}
{"level":"error","message":"Error insert Category ValidationError: image: Cast to string failed for value \"{}\" (type Object) at path \"image\"","timestamp":"2025-11-11T13:03:32.721Z"}
{"level":"info","message":"Database Connect successfully","timestamp":"2025-11-11T13:03:41.886Z"}
{"level":"error","message":"Error insert Category ValidationError: image: Cast to string failed for value \"{}\" (type Object) at path \"image\"","timestamp":"2025-11-11T13:03:41.889Z"}
{"level":"info","message":" Database connection occur ","timestamp":"2025-11-12T05:50:30.259Z"}
{"level":"error","message":"Error insert user MongoServerError: E11000 duplicate key error collection: NextCrud.users index: userEmail_1 dup key: { userEmail: null }","timestamp":"2025-11-12T05:50:30.496Z"}
{"level":"info","message":" Database connection occur ","timestamp":"2025-11-12T05:56:01.525Z"}
{"level":"error","message":"Error insert user MongoServerError: E11000 duplicate key error collection: NextCrud.users index: userEmail_1 dup key: { userEmail: null }","timestamp":"2025-11-12T05:56:01.626Z"}
{"level":"info","message":" Database connection occur ","timestamp":"2025-11-12T06:00:32.891Z"}
{"level":"error","message":"Error insert user MongoServerError: E11000 duplicate key error collection: NextCrud.users index: userEmail_1 dup key: { userEmail: null }","timestamp":"2025-11-12T06:00:33.064Z"}
{"level":"info","message":" Database connection occur ","timestamp":"2025-11-12T06:00:39.025Z"}
{"level":"error","message":"Error insert user MongoServerError: E11000 duplicate key error collection: NextCrud.users index: userEmail_1 dup key: { userEmail: null }","timestamp":"2025-11-12T06:00:39.143Z"}
{"level":"info","message":" Database connection occur ","timestamp":"2025-11-12T06:01:48.691Z"}
{"level":"error","message":"Error insert user MongoServerError: E11000 duplicate key error collection: NextCrud.users index: userEmail_1 dup key: { userEmail: null }","timestamp":"2025-11-12T06:01:48.811Z"}
{"level":"info","message":" Database connection occur ","timestamp":"2025-11-12T06:02:06.615Z"}
{"level":"error","message":"Error insert user MongoServerError: E11000 duplicate key error collection: NextCrud.users index: userEmail_1 dup key: { userEmail: null }","timestamp":"2025-11-12T06:02:06.734Z"}
{"level":"info","message":" Database connection occur ","timestamp":"2025-11-12T06:04:07.499Z"}
{"level":"error","message":"Error insert user MongoServerError: E11000 duplicate key error collection: NextCrud.users index: userEmail_1 dup key: { userEmail: null }","timestamp":"2025-11-12T06:04:07.609Z"}
{"level":"info","message":" Database connection occur ","timestamp":"2025-11-12T06:04:34.156Z"}
{"level":"error","message":"Error insert user MongoServerError: E11000 duplicate key error collection: NextCrud.users index: userEmail_1 dup key: { userEmail: null }","timestamp":"2025-11-12T06:04:34.260Z"}
{"level":"info","message":" Database connection occur ","timestamp":"2025-11-12T06:24:34.714Z"}
{"level":"error","message":"Error insert user MongoServerError: E11000 duplicate key error collection: NextCrud.users index: userEmail_1 dup key: { userEmail: null }","timestamp":"2025-11-12T06:24:34.879Z"}
{"level":"info","message":" Database connection occur ","timestamp":"2025-11-12T06:27:55.605Z"}
{"level":"error","message":"Error insert user MongoServerError: E11000 duplicate key error collection: NextCrud.users index: userEmail_1 dup key: { userEmail: null }","timestamp":"2025-11-12T06:27:55.777Z"}
{"level":"info","message":" Database connection occur ","timestamp":"2025-11-12T06:32:23.752Z"}
{"level":"error","message":"Error insert user MongoServerError: E11000 duplicate key error collection: NextCrud.users index: userEmail_1 dup key: { userEmail: null }","timestamp":"2025-11-12T06:32:23.859Z"}
{"level":"info","message":" Database connection occur ","timestamp":"2025-11-12T06:32:34.600Z"}
{"level":"info","message":" save data inside database  ","timestamp":"2025-11-12T06:32:34.705Z"}
{"level":"info","message":" Database connection occur ","timestamp":"2025-11-12T06:33:04.989Z"}
{"level":"error","message":"Error insert user MongoServerError: E11000 duplicate key error collection: NextCrud.users index: userEmail_1 dup key: { userEmail: null }","timestamp":"2025-11-12T06:33:05.090Z"}
{"level":"info","message":" Database connection occur ","timestamp":"2025-11-12T06:45:45.414Z"}
{"level":"error","message":"Error insert user MongoServerError: E11000 duplicate key error collection: NextCrud.users index: userEmail_1 dup key: { userEmail: null }","timestamp":"2025-11-12T06:45:45.527Z"}
{"level":"info","message":" Database connection occur ","timestamp":"2025-11-12T06:45:53.408Z"}
{"level":"error","message":"Error insert user MongoServerError: E11000 duplicate key error collection: NextCrud.users index: userEmail_1 dup key: { userEmail: null }","timestamp":"2025-11-12T06:45:53.526Z"}
{"level":"info","message":" Database connection occur ","timestamp":"2025-11-12T06:46:02.652Z"}
{"level":"error","message":"Error insert user MongoServerError: E11000 duplicate key error collection: NextCrud.users index: userEmail_1 dup key: { userEmail: null }","timestamp":"2025-11-12T06:46:02.754Z"}
{"level":"info","message":" Database connection occur ","timestamp":"2025-11-12T06:56:00.610Z"}
{"level":"info","message":" save data inside database  ","timestamp":"2025-11-12T06:56:00.720Z"}
{"level":"info","message":"Database Connect successfully","timestamp":"2025-11-12T06:56:08.184Z"}
{"level":"info","message":"Database Connect successfully","timestamp":"2025-11-12T06:56:08.217Z"}
{"level":"info","message":"Database Connect successfully","timestamp":"2025-11-12T06:56:38.554Z"}
{"level":"error","message":"Error insert Category ValidationError: image: Cast to string failed for value \"{}\" (type Object) at path \"image\"","timestamp":"2025-11-12T06:56:38.558Z"}
{"level":"info","message":"Database Connect successfully","timestamp":"2025-11-12T07:06:05.611Z"}
{"level":"info","message":"Database Connect successfully","timestamp":"2025-11-12T07:06:42.633Z"}
{"level":"error","message":"Error insert Category SyntaxError: No number after minus sign in JSON at position 1 (line 1 column 2)","timestamp":"2025-11-12T07:06:42.636Z"}
{"level":"info","message":"Database Connect successfully","timestamp":"2025-11-12T07:25:22.691Z"}
{"level":"info","message":"Container \"categories\" is ready","timestamp":"2025-11-12T07:35:20.266Z"}
{"level":"info","message":"Database Connect successfully","timestamp":"2025-11-12T07:35:20.275Z"}
{"level":"info","message":"upload block blob successfully","timestamp":"2025-11-12T07:38:30.389Z"}
{"level":"error","message":"Error insert Category MongoServerError: E11000 duplicate key error collection: NextCrud.categories index: slug_1 dup key: { slug: \"t-shirt\" }","timestamp":"2025-11-12T07:38:30.416Z"}
{"level":"info","message":"upload block blob successfully","timestamp":"2025-11-12T07:38:53.433Z"}
{"level":"info","message":"upload block blob successfully","timestamp":"2025-11-12T07:44:16.280Z"}
{"level":"info","message":"Database Connect successfully","timestamp":"2025-11-12T08:30:58.917Z"}
{"level":"info","message":"Database Connect successfully","timestamp":"2025-11-12T08:31:05.981Z"}
{"level":"info","message":"upload block blob successfully","timestamp":"2025-11-12T08:32:48.964Z"}
{"level":"info","message":"Database Connect successfully","timestamp":"2025-11-12T08:32:48.995Z"}
{"level":"info","message":"upload block blob successfully","timestamp":"2025-11-12T08:33:07.894Z"}
{"level":"info","message":"Database Connect successfully","timestamp":"2025-11-12T08:33:07.939Z"}
{"level":"info","message":"upload block blob successfully","timestamp":"2025-11-12T08:36:40.107Z"}
{"level":"info","message":"Database Connect successfully","timestamp":"2025-11-12T08:36:40.165Z"}
{"level":"info","message":"Database Connect successfully","timestamp":"2025-11-12T08:38:14.641Z"}
{"level":"info","message":"Database Connect successfully","timestamp":"2025-11-12T08:38:20.814Z"}
{"level":"info","message":"Database Connect successfully","timestamp":"2025-11-12T08:39:05.419Z"}
{"level":"info","message":"Database Connect successfully","timestamp":"2025-11-12T08:40:09.362Z"}
{"level":"info","message":"Database Connect successfully","timestamp":"2025-11-12T08:40:33.725Z"}
{"level":"info","message":"Database Connect successfully","timestamp":"2025-11-12T08:41:23.315Z"}
{"level":"info","message":"Database Connect successfully","timestamp":"2025-11-12T08:41:45.210Z"}
{"level":"info","message":"Database Connect successfully","timestamp":"2025-11-12T08:44:56.244Z"}
{"level":"info","message":"Database Connect successfully","timestamp":"2025-11-12T09:03:06.497Z"}
{"level":"info","message":"Database Connect successfully","timestamp":"2025-11-12T09:03:39.904Z"}
{"level":"info","message":"Database Connect successfully","timestamp":"2025-11-12T09:04:22.835Z"}
{"level":"info","message":"Database Connect successfully","timestamp":"2025-11-12T09:04:40.527Z"}
{"level":"info","message":"Database Connect successfully","timestamp":"2025-11-12T11:37:04.761Z"}
{"level":"info","message":"Container \"categories\" is ready","timestamp":"2025-11-12T11:37:04.808Z"}
{"level":"info","message":"Database Connect successfully","timestamp":"2025-11-12T11:37:04.840Z"}
{"level":"info","message":"Database Connect successfully","timestamp":"2025-11-12T11:41:12.421Z"}
{"level":"info","message":"Database Connect successfully","timestamp":"2025-11-12T11:46:05.373Z"}
{"level":"info","message":"upload block blob successfully","timestamp":"2025-11-12T11:51:57.077Z"}
{"level":"info","message":"Database Connect successfully","timestamp":"2025-11-12T11:51:57.125Z"}
{"level":"info","message":"Database Connect successfully","timestamp":"2025-11-12T11:52:41.721Z"}
{"level":"error","message":"You are not Unauthorized to Delete user","timestamp":"2025-11-13T07:19:10.018Z"}
{"level":"info","message":"Database Connect successfully","timestamp":"2025-11-13T07:21:09.268Z"}
{"level":"info","message":"Database Connect successfully","timestamp":"2025-11-13T07:21:09.398Z"}
{"code":"ECONNREFUSED","level":"error","message":"Error ensuring container exists: connect ECONNREFUSED 127.0.0.1:10000","name":"RestError","stack":"RestError: connect ECONNREFUSED 127.0.0.1:10000\n    at ClientRequest.<anonymous> (H:\\NewWebydo\\webydo-bkp\\Demo\\crud-data\\.next\\dev\\server\\chunks\\node_modules_@typespec_ts-http-runtime_dist_esm_c11d716d._.js:1362:24)\n    at Object.onceWrapper (node:events:634:26)\n    at ClientRequest.emit (node:events:519:28)\n    at emitErrorEvent (node:_http_client:105:11)\n    at Socket.socketErrorListener (node:_http_client:518:5)\n    at Socket.emit (node:events:519:28)\n    at emitErrorNT (node:internal/streams/destroy:170:8)\n    at emitErrorCloseNT (node:internal/streams/destroy:129:3)\n    at process.processTicksAndRejections (node:internal/process/task_queues:90:21)","timestamp":"2025-11-13T07:21:25.403Z"}
{"date":"Thu Nov 13 2025 12:51:25 GMT+0530 (India Standard Time)","error":{"code":"ECONNREFUSED","name":"RestError"},"level":"error","message":"unhandledRejection: connect ECONNREFUSED 127.0.0.1:10000\nRestError: connect ECONNREFUSED 127.0.0.1:10000\n    at ClientRequest.<anonymous> (H:\\NewWebydo\\webydo-bkp\\Demo\\crud-data\\.next\\dev\\server\\chunks\\node_modules_@typespec_ts-http-runtime_dist_esm_c11d716d._.js:1362:24)\n    at Object.onceWrapper (node:events:634:26)\n    at ClientRequest.emit (node:events:519:28)\n    at emitErrorEvent (node:_http_client:105:11)\n    at Socket.socketErrorListener (node:_http_client:518:5)\n    at Socket.emit (node:events:519:28)\n    at emitErrorNT (node:internal/streams/destroy:170:8)\n    at emitErrorCloseNT (node:internal/streams/destroy:129:3)\n    at process.processTicksAndRejections (node:internal/process/task_queues:90:21)","os":{"loadavg":[0,0,0],"uptime":8257.359},"process":{"argv":["C:\\Program Files\\nodejs\\node.exe","H:\\NewWebydo\\webydo-bkp\\Demo\\crud-data\\node_modules\\next\\dist\\server\\lib\\start-server.js"],"cwd":"H:\\NewWebydo\\webydo-bkp\\Demo\\crud-data","execPath":"C:\\Program Files\\nodejs\\node.exe","gid":null,"memoryUsage":{"arrayBuffers":18954118,"external":44393304,"heapTotal":297504768,"heapUsed":286199552,"rss":920244224},"pid":7636,"uid":null,"version":"v22.20.0"},"rejection":true,"stack":"RestError: connect ECONNREFUSED 127.0.0.1:10000\n    at ClientRequest.<anonymous> (H:\\NewWebydo\\webydo-bkp\\Demo\\crud-data\\.next\\dev\\server\\chunks\\node_modules_@typespec_ts-http-runtime_dist_esm_c11d716d._.js:1362:24)\n    at Object.onceWrapper (node:events:634:26)\n    at ClientRequest.emit (node:events:519:28)\n    at emitErrorEvent (node:_http_client:105:11)\n    at Socket.socketErrorListener (node:_http_client:518:5)\n    at Socket.emit (node:events:519:28)\n    at emitErrorNT (node:internal/streams/destroy:170:8)\n    at emitErrorCloseNT (node:internal/streams/destroy:129:3)\n    at process.processTicksAndRejections (node:internal/process/task_queues:90:21)","timestamp":"2025-11-13T07:21:25.432Z","trace":[{"column":24,"file":"H:\\NewWebydo\\webydo-bkp\\Demo\\crud-data\\.next\\dev\\server\\chunks\\node_modules_@typespec_ts-http-runtime_dist_esm_c11d716d._.js","function":null,"line":1362,"method":null,"native":false},{"column":26,"file":"node:events","function":"Object.onceWrapper","line":634,"method":"onceWrapper","native":false},{"column":28,"file":"node:events","function":"ClientRequest.emit","line":519,"method":"emit","native":false},{"column":11,"file":"node:_http_client","function":"emitErrorEvent","line":105,"method":null,"native":false},{"column":5,"file":"node:_http_client","function":"Socket.socketErrorListener","line":518,"method":"socketErrorListener","native":false},{"column":28,"file":"node:events","function":"Socket.emit","line":519,"method":"emit","native":false},{"column":8,"file":"node:internal/streams/destroy","function":"emitErrorNT","line":170,"method":null,"native":false},{"column":3,"file":"node:internal/streams/destroy","function":"emitErrorCloseNT","line":129,"method":null,"native":false},{"column":21,"file":"node:internal/process/task_queues","function":"process.processTicksAndRejections","line":90,"method":"processTicksAndRejections","native":false}]}
{"date":"Thu Nov 13 2025 12:51:25 GMT+0530 (India Standard Time)","error":{"code":"ECONNREFUSED","name":"RestError"},"level":"error","message":"unhandledRejection: connect ECONNREFUSED 127.0.0.1:10000\nRestError: connect ECONNREFUSED 127.0.0.1:10000\n    at ClientRequest.<anonymous> (H:\\NewWebydo\\webydo-bkp\\Demo\\crud-data\\.next\\dev\\server\\chunks\\node_modules_@typespec_ts-http-runtime_dist_esm_c11d716d._.js:1362:24)\n    at Object.onceWrapper (node:events:634:26)\n    at ClientRequest.emit (node:events:519:28)\n    at emitErrorEvent (node:_http_client:105:11)\n    at Socket.socketErrorListener (node:_http_client:518:5)\n    at Socket.emit (node:events:519:28)\n    at emitErrorNT (node:internal/streams/destroy:170:8)\n    at emitErrorCloseNT (node:internal/streams/destroy:129:3)\n    at process.processTicksAndRejections (node:internal/process/task_queues:90:21)","os":{"loadavg":[0,0,0],"uptime":8257.375},"process":{"argv":["C:\\Program Files\\nodejs\\node.exe","H:\\NewWebydo\\webydo-bkp\\Demo\\crud-data\\node_modules\\next\\dist\\server\\lib\\start-server.js"],"cwd":"H:\\NewWebydo\\webydo-bkp\\Demo\\crud-data","execPath":"C:\\Program Files\\nodejs\\node.exe","gid":null,"memoryUsage":{"arrayBuffers":18962334,"external":44401520,"heapTotal":297504768,"heapUsed":286359080,"rss":920346624},"pid":7636,"uid":null,"version":"v22.20.0"},"rejection":true,"stack":"RestError: connect ECONNREFUSED 127.0.0.1:10000\n    at ClientRequest.<anonymous> (H:\\NewWebydo\\webydo-bkp\\Demo\\crud-data\\.next\\dev\\server\\chunks\\node_modules_@typespec_ts-http-runtime_dist_esm_c11d716d._.js:1362:24)\n    at Object.onceWrapper (node:events:634:26)\n    at ClientRequest.emit (node:events:519:28)\n    at emitErrorEvent (node:_http_client:105:11)\n    at Socket.socketErrorListener (node:_http_client:518:5)\n    at Socket.emit (node:events:519:28)\n    at emitErrorNT (node:internal/streams/destroy:170:8)\n    at emitErrorCloseNT (node:internal/streams/destroy:129:3)\n    at process.processTicksAndRejections (node:internal/process/task_queues:90:21)","timestamp":"2025-11-13T07:21:25.442Z","trace":[{"column":24,"file":"H:\\NewWebydo\\webydo-bkp\\Demo\\crud-data\\.next\\dev\\server\\chunks\\node_modules_@typespec_ts-http-runtime_dist_esm_c11d716d._.js","function":null,"line":1362,"method":null,"native":false},{"column":26,"file":"node:events","function":"Object.onceWrapper","line":634,"method":"onceWrapper","native":false},{"column":28,"file":"node:events","function":"ClientRequest.emit","line":519,"method":"emit","native":false},{"column":11,"file":"node:_http_client","function":"emitErrorEvent","line":105,"method":null,"native":false},{"column":5,"file":"node:_http_client","function":"Socket.socketErrorListener","line":518,"method":"socketErrorListener","native":false},{"column":28,"file":"node:events","function":"Socket.emit","line":519,"method":"emit","native":false},{"column":8,"file":"node:internal/streams/destroy","function":"emitErrorNT","line":170,"method":null,"native":false},{"column":3,"file":"node:internal/streams/destroy","function":"emitErrorCloseNT","line":129,"method":null,"native":false},{"column":21,"file":"node:internal/process/task_queues","function":"process.processTicksAndRejections","line":90,"method":"processTicksAndRejections","native":false}]}
